Thu Sep  2 23:27:25 2021
frame_interval = 2
Learning Rate per 256 images = 0.05
Initialte weights with SimSiam_CLD_ResNet50_initial_FlyCourtship.pkl
max Lambda = 2.0
Lambda increase in cosine style = False
[Steps      100] Loss = 3.17452 | Loss_SS = 0.71907 | Loss_CLD = 1.22772 | Collapse Level Low Dim: 0.01833 | Collapse Level High Dim: 0.02013
[Steps      200] Loss = 2.34352 | Loss_SS = 0.52830 | Loss_CLD = 0.90761 | Collapse Level Low Dim: 0.01965 | Collapse Level High Dim: 0.01323
[Steps      300] Loss = 2.29448 | Loss_SS = 0.49553 | Loss_CLD = 0.89947 | Collapse Level Low Dim: 0.02358 | Collapse Level High Dim: 0.01737
[Steps      400] Loss = 1.91095 | Loss_SS = 0.40946 | Loss_CLD = 0.75074 | Collapse Level Low Dim: 0.02521 | Collapse Level High Dim: 0.01530
[Steps      500] Loss = 1.96246 | Loss_SS = 0.41359 | Loss_CLD = 0.77443 | Collapse Level Low Dim: 0.02338 | Collapse Level High Dim: 0.01392
[Steps      600] Loss = 1.88023 | Loss_SS = 0.39409 | Loss_CLD = 0.74307 | Collapse Level Low Dim: 0.02486 | Collapse Level High Dim: 0.01046
[Steps      700] Loss = 1.76422 | Loss_SS = 0.35806 | Loss_CLD = 0.70308 | Collapse Level Low Dim: 0.02501 | Collapse Level High Dim: 0.01392
[Steps      800] Loss = 1.61471 | Loss_SS = 0.32986 | Loss_CLD = 0.64243 | Collapse Level Low Dim: 0.02647 | Collapse Level High Dim: 0.01254
[Steps      900] Loss = 1.75930 | Loss_SS = 0.34836 | Loss_CLD = 0.70547 | Collapse Level Low Dim: 0.02783 | Collapse Level High Dim: 0.01530
[Steps     1000] Loss = 1.48810 | Loss_SS = 0.29526 | Loss_CLD = 0.59642 | Collapse Level Low Dim: 0.02801 | Collapse Level High Dim: 0.01116
[Steps     1100] Loss = 1.65429 | Loss_SS = 0.32574 | Loss_CLD = 0.66427 | Collapse Level Low Dim: 0.03011 | Collapse Level High Dim: 0.01530
[Steps     1200] Loss = 1.55173 | Loss_SS = 0.30336 | Loss_CLD = 0.62419 | Collapse Level Low Dim: 0.03052 | Collapse Level High Dim: 0.01323
[Steps     1300] Loss = 1.45982 | Loss_SS = 0.27844 | Loss_CLD = 0.59069 | Collapse Level Low Dim: 0.03315 | Collapse Level High Dim: 0.01461
[Steps     1400] Loss = 1.52719 | Loss_SS = 0.29924 | Loss_CLD = 0.61398 | Collapse Level Low Dim: 0.03210 | Collapse Level High Dim: 0.01530
[Steps     1500] Loss = 1.41251 | Loss_SS = 0.26618 | Loss_CLD = 0.57317 | Collapse Level Low Dim: 0.03486 | Collapse Level High Dim: 0.01599
[Steps     1600] Loss = 1.32636 | Loss_SS = 0.24862 | Loss_CLD = 0.53887 | Collapse Level Low Dim: 0.03243 | Collapse Level High Dim: 0.01185
[Steps     1700] Loss = 1.21779 | Loss_SS = 0.23967 | Loss_CLD = 0.48906 | Collapse Level Low Dim: 0.03350 | Collapse Level High Dim: 0.01185
[Steps     1800] Loss = 1.28338 | Loss_SS = 0.24159 | Loss_CLD = 0.52089 | Collapse Level Low Dim: 0.03422 | Collapse Level High Dim: 0.01392
[Steps     1900] Loss = 1.52841 | Loss_SS = 0.28264 | Loss_CLD = 0.62288 | Collapse Level Low Dim: 0.03452 | Collapse Level High Dim: 0.01806
[Steps     2000] Loss = 1.54018 | Loss_SS = 0.27488 | Loss_CLD = 0.63265 | Collapse Level Low Dim: 0.03798 | Collapse Level High Dim: 0.02013
[Steps     2100] Loss = 1.33030 | Loss_SS = 0.25043 | Loss_CLD = 0.53993 | Collapse Level Low Dim: 0.03646 | Collapse Level High Dim: 0.01599
[Steps     2200] Loss = 1.29594 | Loss_SS = 0.24657 | Loss_CLD = 0.52468 | Collapse Level Low Dim: 0.04125 | Collapse Level High Dim: 0.02082
[Steps     2300] Loss = 1.26976 | Loss_SS = 0.23441 | Loss_CLD = 0.51767 | Collapse Level Low Dim: 0.03338 | Collapse Level High Dim: 0.01323
[Steps     2400] Loss = 1.21731 | Loss_SS = 0.22139 | Loss_CLD = 0.49796 | Collapse Level Low Dim: 0.03613 | Collapse Level High Dim: 0.01668
[Steps     2500] Loss = 1.20052 | Loss_SS = 0.22641 | Loss_CLD = 0.48705 | Collapse Level Low Dim: 0.03648 | Collapse Level High Dim: 0.01737
[Steps     2600] Loss = 1.23441 | Loss_SS = 0.22550 | Loss_CLD = 0.50445 | Collapse Level Low Dim: 0.03813 | Collapse Level High Dim: 0.01944
[Steps     2700] Loss = 1.23760 | Loss_SS = 0.21232 | Loss_CLD = 0.51264 | Collapse Level Low Dim: 0.03570 | Collapse Level High Dim: 0.01599
[Steps     2800] Loss = 1.28769 | Loss_SS = 0.23857 | Loss_CLD = 0.52456 | Collapse Level Low Dim: 0.03177 | Collapse Level High Dim: 0.01530
[Steps     2900] Loss = 1.22777 | Loss_SS = 0.22429 | Loss_CLD = 0.50174 | Collapse Level Low Dim: 0.03612 | Collapse Level High Dim: 0.01599
[Steps     3000] Loss = 1.32336 | Loss_SS = 0.23456 | Loss_CLD = 0.54440 | Collapse Level Low Dim: 0.03413 | Collapse Level High Dim: 0.01737
[Steps     3100] Loss = 1.15279 | Loss_SS = 0.20664 | Loss_CLD = 0.47308 | Collapse Level Low Dim: 0.03431 | Collapse Level High Dim: 0.01392
[Steps     3200] Loss = 1.13830 | Loss_SS = 0.20990 | Loss_CLD = 0.46420 | Collapse Level Low Dim: 0.03103 | Collapse Level High Dim: 0.01392
[Steps     3300] Loss = 1.09604 | Loss_SS = 0.20155 | Loss_CLD = 0.44725 | Collapse Level Low Dim: 0.03099 | Collapse Level High Dim: 0.01392
[Steps     3400] Loss = 1.23157 | Loss_SS = 0.22284 | Loss_CLD = 0.50436 | Collapse Level Low Dim: 0.03071 | Collapse Level High Dim: 0.01392
[Steps     3500] Loss = 1.10256 | Loss_SS = 0.20069 | Loss_CLD = 0.45093 | Collapse Level Low Dim: 0.03392 | Collapse Level High Dim: 0.01599
[Steps     3600] Loss = 1.06243 | Loss_SS = 0.19466 | Loss_CLD = 0.43389 | Collapse Level Low Dim: 0.03276 | Collapse Level High Dim: 0.01530
[Steps     3700] Loss = 1.31335 | Loss_SS = 0.23276 | Loss_CLD = 0.54029 | Collapse Level Low Dim: 0.03140 | Collapse Level High Dim: 0.01668
[Steps     3800] Loss = 1.13980 | Loss_SS = 0.19926 | Loss_CLD = 0.47027 | Collapse Level Low Dim: 0.03070 | Collapse Level High Dim: 0.01392
[Steps     3900] Loss = 1.11599 | Loss_SS = 0.20803 | Loss_CLD = 0.45398 | Collapse Level Low Dim: 0.03052 | Collapse Level High Dim: 0.01461
[Steps     4000] Loss = 1.16267 | Loss_SS = 0.20318 | Loss_CLD = 0.47974 | Collapse Level Low Dim: 0.02911 | Collapse Level High Dim: 0.01323
[Steps     4100] Loss = 1.13268 | Loss_SS = 0.20904 | Loss_CLD = 0.46182 | Collapse Level Low Dim: 0.02857 | Collapse Level High Dim: 0.01392
[Steps     4200] Loss = 1.28529 | Loss_SS = 0.22279 | Loss_CLD = 0.53125 | Collapse Level Low Dim: 0.03446 | Collapse Level High Dim: 0.01737
[Steps     4300] Loss = 1.09661 | Loss_SS = 0.19459 | Loss_CLD = 0.45101 | Collapse Level Low Dim: 0.02792 | Collapse Level High Dim: 0.01254
[Steps     4400] Loss = 1.30041 | Loss_SS = 0.22802 | Loss_CLD = 0.53619 | Collapse Level Low Dim: 0.03113 | Collapse Level High Dim: 0.01668
[Steps     4500] Loss = 1.44616 | Loss_SS = 0.25334 | Loss_CLD = 0.59641 | Collapse Level Low Dim: 0.05775 | Collapse Level High Dim: 0.04775
[Steps     4600] Loss = 1.09040 | Loss_SS = 0.19135 | Loss_CLD = 0.44953 | Collapse Level Low Dim: 0.03066 | Collapse Level High Dim: 0.01392
[Steps     4700] Loss = 1.12257 | Loss_SS = 0.19756 | Loss_CLD = 0.46250 | Collapse Level Low Dim: 0.02940 | Collapse Level High Dim: 0.01323
[Steps     4800] Loss = 1.18677 | Loss_SS = 0.20606 | Loss_CLD = 0.49035 | Collapse Level Low Dim: 0.03057 | Collapse Level High Dim: 0.01599
[Steps     4900] Loss = 1.19425 | Loss_SS = 0.20811 | Loss_CLD = 0.49307 | Collapse Level Low Dim: 0.03160 | Collapse Level High Dim: 0.01737
[Steps     5000] Loss = 1.10246 | Loss_SS = 0.19353 | Loss_CLD = 0.45446 | Collapse Level Low Dim: 0.02920 | Collapse Level High Dim: 0.01530
[Steps     5100] Loss = 1.10034 | Loss_SS = 0.19850 | Loss_CLD = 0.45092 | Collapse Level Low Dim: 0.02671 | Collapse Level High Dim: 0.01323
[Steps     5200] Loss = 1.05928 | Loss_SS = 0.19086 | Loss_CLD = 0.43421 | Collapse Level Low Dim: 0.02967 | Collapse Level High Dim: 0.01599
[Steps     5300] Loss = 1.15216 | Loss_SS = 0.20000 | Loss_CLD = 0.47608 | Collapse Level Low Dim: 0.02942 | Collapse Level High Dim: 0.01461
[Steps     5400] Loss = 1.06543 | Loss_SS = 0.18884 | Loss_CLD = 0.43830 | Collapse Level Low Dim: 0.02696 | Collapse Level High Dim: 0.01185
[Steps     5500] Loss = 1.35766 | Loss_SS = 0.23362 | Loss_CLD = 0.56202 | Collapse Level Low Dim: 0.05871 | Collapse Level High Dim: 0.05052
[Steps     5600] Loss = 1.28085 | Loss_SS = 0.22589 | Loss_CLD = 0.52748 | Collapse Level Low Dim: 0.02873 | Collapse Level High Dim: 0.01461
[Steps     5700] Loss = 1.05537 | Loss_SS = 0.18962 | Loss_CLD = 0.43287 | Collapse Level Low Dim: 0.03032 | Collapse Level High Dim: 0.01737
[Steps     5800] Loss = 1.18940 | Loss_SS = 0.21248 | Loss_CLD = 0.48846 | Collapse Level Low Dim: 0.02686 | Collapse Level High Dim: 0.01392
[Steps     5900] Loss = 1.16093 | Loss_SS = 0.20746 | Loss_CLD = 0.47674 | Collapse Level Low Dim: 0.03096 | Collapse Level High Dim: 0.01599
[Steps     6000] Loss = 1.10088 | Loss_SS = 0.19104 | Loss_CLD = 0.45492 | Collapse Level Low Dim: 0.03086 | Collapse Level High Dim: 0.01599
[Steps     6100] Loss = 1.08745 | Loss_SS = 0.18580 | Loss_CLD = 0.45082 | Collapse Level Low Dim: 0.02925 | Collapse Level High Dim: 0.01599
[Steps     6200] Loss = 1.01844 | Loss_SS = 0.18168 | Loss_CLD = 0.41838 | Collapse Level Low Dim: 0.02855 | Collapse Level High Dim: 0.01461
[Steps     6300] Loss = 1.02307 | Loss_SS = 0.18458 | Loss_CLD = 0.41925 | Collapse Level Low Dim: 0.03138 | Collapse Level High Dim: 0.01806
[Steps     6400] Loss = 1.10301 | Loss_SS = 0.19462 | Loss_CLD = 0.45420 | Collapse Level Low Dim: 0.03103 | Collapse Level High Dim: 0.01668
[Steps     6500] Loss = 1.04057 | Loss_SS = 0.17911 | Loss_CLD = 0.43073 | Collapse Level Low Dim: 0.02680 | Collapse Level High Dim: 0.01116
[Steps     6600] Loss = 1.05732 | Loss_SS = 0.18426 | Loss_CLD = 0.43653 | Collapse Level Low Dim: 0.03022 | Collapse Level High Dim: 0.01806
[Steps     6700] Loss = 1.04107 | Loss_SS = 0.18139 | Loss_CLD = 0.42984 | Collapse Level Low Dim: 0.02778 | Collapse Level High Dim: 0.01323
[Steps     6800] Loss = 1.07579 | Loss_SS = 0.18860 | Loss_CLD = 0.44360 | Collapse Level Low Dim: 0.02769 | Collapse Level High Dim: 0.01392
[Steps     6900] Loss = 1.00093 | Loss_SS = 0.16676 | Loss_CLD = 0.41709 | Collapse Level Low Dim: 0.02804 | Collapse Level High Dim: 0.01254
[Steps     7000] Loss = 1.11112 | Loss_SS = 0.18746 | Loss_CLD = 0.46183 | Collapse Level Low Dim: 0.02923 | Collapse Level High Dim: 0.01599
[Steps     7100] Loss = 1.13165 | Loss_SS = 0.18971 | Loss_CLD = 0.47097 | Collapse Level Low Dim: 0.02820 | Collapse Level High Dim: 0.01599
[Steps     7200] Loss = 1.00890 | Loss_SS = 0.17811 | Loss_CLD = 0.41540 | Collapse Level Low Dim: 0.02596 | Collapse Level High Dim: 0.01116
[Steps     7300] Loss = 1.08370 | Loss_SS = 0.18067 | Loss_CLD = 0.45151 | Collapse Level Low Dim: 0.02937 | Collapse Level High Dim: 0.01737
[Steps     7400] Loss = 0.95826 | Loss_SS = 0.16652 | Loss_CLD = 0.39587 | Collapse Level Low Dim: 0.02715 | Collapse Level High Dim: 0.01392
[Steps     7500] Loss = 1.05731 | Loss_SS = 0.18089 | Loss_CLD = 0.43821 | Collapse Level Low Dim: 0.02590 | Collapse Level High Dim: 0.01461
[Steps     7600] Loss = 1.10456 | Loss_SS = 0.18303 | Loss_CLD = 0.46077 | Collapse Level Low Dim: 0.02525 | Collapse Level High Dim: 0.01323
[Steps     7700] Loss = 1.01387 | Loss_SS = 0.17692 | Loss_CLD = 0.41848 | Collapse Level Low Dim: 0.02846 | Collapse Level High Dim: 0.01806
[Steps     7800] Loss = 1.15793 | Loss_SS = 0.19611 | Loss_CLD = 0.48091 | Collapse Level Low Dim: 0.02658 | Collapse Level High Dim: 0.01530
[Steps     7900] Loss = 0.97572 | Loss_SS = 0.16677 | Loss_CLD = 0.40448 | Collapse Level Low Dim: 0.02642 | Collapse Level High Dim: 0.01254
[Steps     8000] Loss = 1.06554 | Loss_SS = 0.17670 | Loss_CLD = 0.44442 | Collapse Level Low Dim: 0.03051 | Collapse Level High Dim: 0.01806
[Steps     8100] Loss = 0.99241 | Loss_SS = 0.17019 | Loss_CLD = 0.41111 | Collapse Level Low Dim: 0.02523 | Collapse Level High Dim: 0.01323
[Steps     8200] Loss = 1.00379 | Loss_SS = 0.17465 | Loss_CLD = 0.41457 | Collapse Level Low Dim: 0.02575 | Collapse Level High Dim: 0.01254
[Steps     8300] Loss = 1.03680 | Loss_SS = 0.17563 | Loss_CLD = 0.43059 | Collapse Level Low Dim: 0.02548 | Collapse Level High Dim: 0.01392
[Steps     8400] Loss = 1.13803 | Loss_SS = 0.19514 | Loss_CLD = 0.47144 | Collapse Level Low Dim: 0.02795 | Collapse Level High Dim: 0.01944
[Steps     8500] Loss = 0.98526 | Loss_SS = 0.17167 | Loss_CLD = 0.40680 | Collapse Level Low Dim: 0.02803 | Collapse Level High Dim: 0.01599
[Steps     8600] Loss = 1.07619 | Loss_SS = 0.18460 | Loss_CLD = 0.44580 | Collapse Level Low Dim: 0.02750 | Collapse Level High Dim: 0.01461
[Steps     8700] Loss = 0.99137 | Loss_SS = 0.16299 | Loss_CLD = 0.41419 | Collapse Level Low Dim: 0.02592 | Collapse Level High Dim: 0.01116
[Steps     8800] Loss = 1.00102 | Loss_SS = 0.16913 | Loss_CLD = 0.41594 | Collapse Level Low Dim: 0.02604 | Collapse Level High Dim: 0.01185
[Steps     8900] Loss = 1.04836 | Loss_SS = 0.17879 | Loss_CLD = 0.43478 | Collapse Level Low Dim: 0.02440 | Collapse Level High Dim: 0.01185
[Steps     9000] Loss = 1.03053 | Loss_SS = 0.17418 | Loss_CLD = 0.42818 | Collapse Level Low Dim: 0.02638 | Collapse Level High Dim: 0.01323
[Steps     9100] Loss = 0.99193 | Loss_SS = 0.17168 | Loss_CLD = 0.41012 | Collapse Level Low Dim: 0.02601 | Collapse Level High Dim: 0.01530
[Steps     9200] Loss = 0.99599 | Loss_SS = 0.16727 | Loss_CLD = 0.41436 | Collapse Level Low Dim: 0.02632 | Collapse Level High Dim: 0.01323
[Steps     9300] Loss = 1.01764 | Loss_SS = 0.17310 | Loss_CLD = 0.42227 | Collapse Level Low Dim: 0.02462 | Collapse Level High Dim: 0.01185
[Steps     9400] Loss = 0.99336 | Loss_SS = 0.16754 | Loss_CLD = 0.41291 | Collapse Level Low Dim: 0.02672 | Collapse Level High Dim: 0.01254
[Steps     9500] Loss = 0.98470 | Loss_SS = 0.17630 | Loss_CLD = 0.40420 | Collapse Level Low Dim: 0.02548 | Collapse Level High Dim: 0.01461
[Steps     9600] Loss = 0.96790 | Loss_SS = 0.16475 | Loss_CLD = 0.40158 | Collapse Level Low Dim: 0.02614 | Collapse Level High Dim: 0.01530
[Steps     9700] Loss = 0.95572 | Loss_SS = 0.16378 | Loss_CLD = 0.39597 | Collapse Level Low Dim: 0.03064 | Collapse Level High Dim: 0.01737
[Steps     9800] Loss = 0.93508 | Loss_SS = 0.15396 | Loss_CLD = 0.39056 | Collapse Level Low Dim: 0.02430 | Collapse Level High Dim: 0.01254
[Steps     9900] Loss = 0.98041 | Loss_SS = 0.16424 | Loss_CLD = 0.40808 | Collapse Level Low Dim: 0.02288 | Collapse Level High Dim: 0.00977
[Steps    10000] Loss = 1.05867 | Loss_SS = 0.17964 | Loss_CLD = 0.43952 | Collapse Level Low Dim: 0.02311 | Collapse Level High Dim: 0.01323
[Steps    10100] Loss = 0.97564 | Loss_SS = 0.16373 | Loss_CLD = 0.40595 | Collapse Level Low Dim: 0.02103 | Collapse Level High Dim: 0.00908
[Steps    10200] Loss = 0.97515 | Loss_SS = 0.16947 | Loss_CLD = 0.40284 | Collapse Level Low Dim: 0.02472 | Collapse Level High Dim: 0.01323
[Steps    10300] Loss = 1.06370 | Loss_SS = 0.17880 | Loss_CLD = 0.44245 | Collapse Level Low Dim: 0.02495 | Collapse Level High Dim: 0.01392
[Steps    10400] Loss = 0.91476 | Loss_SS = 0.15144 | Loss_CLD = 0.38166 | Collapse Level Low Dim: 0.02667 | Collapse Level High Dim: 0.01530
[Steps    10500] Loss = 0.95738 | Loss_SS = 0.15849 | Loss_CLD = 0.39945 | Collapse Level Low Dim: 0.02580 | Collapse Level High Dim: 0.01254
[Steps    10600] Loss = 0.96709 | Loss_SS = 0.15753 | Loss_CLD = 0.40478 | Collapse Level Low Dim: 0.02462 | Collapse Level High Dim: 0.01323
[Steps    10700] Loss = 0.91995 | Loss_SS = 0.14736 | Loss_CLD = 0.38630 | Collapse Level Low Dim: 0.02267 | Collapse Level High Dim: 0.01116
[Steps    10800] Loss = 0.96146 | Loss_SS = 0.16078 | Loss_CLD = 0.40034 | Collapse Level Low Dim: 0.02328 | Collapse Level High Dim: 0.01116
[Steps    10900] Loss = 0.95554 | Loss_SS = 0.15691 | Loss_CLD = 0.39932 | Collapse Level Low Dim: 0.02351 | Collapse Level High Dim: 0.01185
[Steps    11000] Loss = 0.90454 | Loss_SS = 0.14982 | Loss_CLD = 0.37736 | Collapse Level Low Dim: 0.02184 | Collapse Level High Dim: 0.00977
[Steps    11100] Loss = 0.99194 | Loss_SS = 0.15381 | Loss_CLD = 0.41907 | Collapse Level Low Dim: 0.02723 | Collapse Level High Dim: 0.01599
[Steps    11200] Loss = 0.94978 | Loss_SS = 0.15842 | Loss_CLD = 0.39568 | Collapse Level Low Dim: 0.02417 | Collapse Level High Dim: 0.01185
[Steps    11300] Loss = 0.92595 | Loss_SS = 0.15325 | Loss_CLD = 0.38635 | Collapse Level Low Dim: 0.02559 | Collapse Level High Dim: 0.01668
[Steps    11400] Loss = 0.94712 | Loss_SS = 0.14791 | Loss_CLD = 0.39960 | Collapse Level Low Dim: 0.02246 | Collapse Level High Dim: 0.01046
[Steps    11500] Loss = 0.93352 | Loss_SS = 0.14914 | Loss_CLD = 0.39219 | Collapse Level Low Dim: 0.02156 | Collapse Level High Dim: 0.01046
[Steps    11600] Loss = 1.03554 | Loss_SS = 0.16885 | Loss_CLD = 0.43335 | Collapse Level Low Dim: 0.02504 | Collapse Level High Dim: 0.01668
[Steps    11700] Loss = 0.92402 | Loss_SS = 0.15228 | Loss_CLD = 0.38587 | Collapse Level Low Dim: 0.02308 | Collapse Level High Dim: 0.01254
[Steps    11800] Loss = 0.91463 | Loss_SS = 0.15507 | Loss_CLD = 0.37978 | Collapse Level Low Dim: 0.02395 | Collapse Level High Dim: 0.01530
[Steps    11900] Loss = 0.90113 | Loss_SS = 0.14910 | Loss_CLD = 0.37602 | Collapse Level Low Dim: 0.02341 | Collapse Level High Dim: 0.01116
[Steps    12000] Loss = 0.95025 | Loss_SS = 0.15462 | Loss_CLD = 0.39781 | Collapse Level Low Dim: 0.02123 | Collapse Level High Dim: 0.00977
[Steps    12100] Loss = 1.07926 | Loss_SS = 0.17722 | Loss_CLD = 0.45102 | Collapse Level Low Dim: 0.05259 | Collapse Level High Dim: 0.04913
[Steps    12200] Loss = 0.93883 | Loss_SS = 0.15991 | Loss_CLD = 0.38946 | Collapse Level Low Dim: 0.02362 | Collapse Level High Dim: 0.01530
[Steps    12300] Loss = 0.91204 | Loss_SS = 0.14808 | Loss_CLD = 0.38198 | Collapse Level Low Dim: 0.02183 | Collapse Level High Dim: 0.01116
[Steps    12400] Loss = 0.87550 | Loss_SS = 0.13704 | Loss_CLD = 0.36923 | Collapse Level Low Dim: 0.02522 | Collapse Level High Dim: 0.01599
[Steps    12500] Loss = 0.86070 | Loss_SS = 0.14047 | Loss_CLD = 0.36012 | Collapse Level Low Dim: 0.02046 | Collapse Level High Dim: 0.00701
[Steps    12600] Loss = 0.90454 | Loss_SS = 0.14280 | Loss_CLD = 0.38087 | Collapse Level Low Dim: 0.02531 | Collapse Level High Dim: 0.01461
[Steps    12700] Loss = 0.92878 | Loss_SS = 0.15172 | Loss_CLD = 0.38853 | Collapse Level Low Dim: 0.01898 | Collapse Level High Dim: 0.00770
[Steps    12800] Loss = 0.99095 | Loss_SS = 0.16030 | Loss_CLD = 0.41532 | Collapse Level Low Dim: 0.02038 | Collapse Level High Dim: 0.01046
[Steps    12900] Loss = 0.85273 | Loss_SS = 0.14017 | Loss_CLD = 0.35628 | Collapse Level Low Dim: 0.02098 | Collapse Level High Dim: 0.00908
[Steps    13000] Loss = 0.93117 | Loss_SS = 0.15973 | Loss_CLD = 0.38572 | Collapse Level Low Dim: 0.02342 | Collapse Level High Dim: 0.01254
[Steps    13100] Loss = 0.96167 | Loss_SS = 0.15521 | Loss_CLD = 0.40323 | Collapse Level Low Dim: 0.02341 | Collapse Level High Dim: 0.01046
[Steps    13200] Loss = 0.90450 | Loss_SS = 0.14612 | Loss_CLD = 0.37919 | Collapse Level Low Dim: 0.02351 | Collapse Level High Dim: 0.01323
[Steps    13300] Loss = 0.85607 | Loss_SS = 0.13230 | Loss_CLD = 0.36189 | Collapse Level Low Dim: 0.02156 | Collapse Level High Dim: 0.00839
[Steps    13400] Loss = 0.92265 | Loss_SS = 0.14232 | Loss_CLD = 0.39017 | Collapse Level Low Dim: 0.02220 | Collapse Level High Dim: 0.01116
[Steps    13500] Loss = 0.88596 | Loss_SS = 0.14032 | Loss_CLD = 0.37282 | Collapse Level Low Dim: 0.02273 | Collapse Level High Dim: 0.01323
[Steps    13600] Loss = 0.94636 | Loss_SS = 0.15289 | Loss_CLD = 0.39674 | Collapse Level Low Dim: 0.02063 | Collapse Level High Dim: 0.00839
[Steps    13700] Loss = 0.98191 | Loss_SS = 0.15473 | Loss_CLD = 0.41359 | Collapse Level Low Dim: 0.02467 | Collapse Level High Dim: 0.01461
[Steps    13800] Loss = 0.87710 | Loss_SS = 0.13654 | Loss_CLD = 0.37028 | Collapse Level Low Dim: 0.02095 | Collapse Level High Dim: 0.00977
[Steps    13900] Loss = 0.85456 | Loss_SS = 0.13972 | Loss_CLD = 0.35742 | Collapse Level Low Dim: 0.02402 | Collapse Level High Dim: 0.01323
[Steps    14000] Loss = 0.88157 | Loss_SS = 0.14822 | Loss_CLD = 0.36667 | Collapse Level Low Dim: 0.02219 | Collapse Level High Dim: 0.01116
[Steps    14100] Loss = 0.86858 | Loss_SS = 0.13822 | Loss_CLD = 0.36518 | Collapse Level Low Dim: 0.02375 | Collapse Level High Dim: 0.01323
[Steps    14200] Loss = 0.97784 | Loss_SS = 0.15840 | Loss_CLD = 0.40972 | Collapse Level Low Dim: 0.02102 | Collapse Level High Dim: 0.01116
[Steps    14300] Loss = 0.88285 | Loss_SS = 0.13770 | Loss_CLD = 0.37258 | Collapse Level Low Dim: 0.02046 | Collapse Level High Dim: 0.00977
[Steps    14400] Loss = 0.87789 | Loss_SS = 0.14206 | Loss_CLD = 0.36792 | Collapse Level Low Dim: 0.02031 | Collapse Level High Dim: 0.00839
[Steps    14500] Loss = 0.93147 | Loss_SS = 0.14641 | Loss_CLD = 0.39253 | Collapse Level Low Dim: 0.02411 | Collapse Level High Dim: 0.01392
[Steps    14600] Loss = 0.89050 | Loss_SS = 0.13532 | Loss_CLD = 0.37759 | Collapse Level Low Dim: 0.02077 | Collapse Level High Dim: 0.00908
[Steps    14700] Loss = 0.90170 | Loss_SS = 0.14445 | Loss_CLD = 0.37863 | Collapse Level Low Dim: 0.02489 | Collapse Level High Dim: 0.01599
[Steps    14800] Loss = 0.80910 | Loss_SS = 0.12986 | Loss_CLD = 0.33962 | Collapse Level Low Dim: 0.01971 | Collapse Level High Dim: 0.00908
[Steps    14900] Loss = 0.83286 | Loss_SS = 0.13334 | Loss_CLD = 0.34976 | Collapse Level Low Dim: 0.02016 | Collapse Level High Dim: 0.00977
[Steps    15000] Loss = 0.78700 | Loss_SS = 0.12421 | Loss_CLD = 0.33139 | Collapse Level Low Dim: 0.02029 | Collapse Level High Dim: 0.00908
[Steps    15100] Loss = 0.93463 | Loss_SS = 0.14479 | Loss_CLD = 0.39492 | Collapse Level Low Dim: 0.02003 | Collapse Level High Dim: 0.00839
[Steps    15200] Loss = 0.81718 | Loss_SS = 0.13477 | Loss_CLD = 0.34121 | Collapse Level Low Dim: 0.02215 | Collapse Level High Dim: 0.01323
[Steps    15300] Loss = 0.85919 | Loss_SS = 0.13978 | Loss_CLD = 0.35970 | Collapse Level Low Dim: 0.02040 | Collapse Level High Dim: 0.01116
[Steps    15400] Loss = 0.78449 | Loss_SS = 0.12531 | Loss_CLD = 0.32959 | Collapse Level Low Dim: 0.01977 | Collapse Level High Dim: 0.00839
[Steps    15500] Loss = 0.89137 | Loss_SS = 0.14228 | Loss_CLD = 0.37455 | Collapse Level Low Dim: 0.01875 | Collapse Level High Dim: 0.00770
[Steps    15600] Loss = 0.88885 | Loss_SS = 0.14093 | Loss_CLD = 0.37396 | Collapse Level Low Dim: 0.02141 | Collapse Level High Dim: 0.01185
[Steps    15700] Loss = 0.86407 | Loss_SS = 0.13407 | Loss_CLD = 0.36500 | Collapse Level Low Dim: 0.01912 | Collapse Level High Dim: 0.00908
[Steps    15800] Loss = 0.80416 | Loss_SS = 0.12654 | Loss_CLD = 0.33881 | Collapse Level Low Dim: 0.02192 | Collapse Level High Dim: 0.01185
[Steps    15900] Loss = 0.81090 | Loss_SS = 0.12853 | Loss_CLD = 0.34119 | Collapse Level Low Dim: 0.02028 | Collapse Level High Dim: 0.00908
[Steps    16000] Loss = 0.85279 | Loss_SS = 0.13093 | Loss_CLD = 0.36093 | Collapse Level Low Dim: 0.02116 | Collapse Level High Dim: 0.01116
[Steps    16100] Loss = 0.83653 | Loss_SS = 0.13005 | Loss_CLD = 0.35324 | Collapse Level Low Dim: 0.01961 | Collapse Level High Dim: 0.00908
[Steps    16200] Loss = 0.81992 | Loss_SS = 0.12814 | Loss_CLD = 0.34589 | Collapse Level Low Dim: 0.02079 | Collapse Level High Dim: 0.01185
[Steps    16300] Loss = 0.78708 | Loss_SS = 0.11983 | Loss_CLD = 0.33362 | Collapse Level Low Dim: 0.02141 | Collapse Level High Dim: 0.01185
[Steps    16400] Loss = 0.86258 | Loss_SS = 0.13217 | Loss_CLD = 0.36521 | Collapse Level Low Dim: 0.01937 | Collapse Level High Dim: 0.00908
[Steps    16500] Loss = 0.85970 | Loss_SS = 0.13630 | Loss_CLD = 0.36170 | Collapse Level Low Dim: 0.01965 | Collapse Level High Dim: 0.00908
[Steps    16600] Loss = 0.80542 | Loss_SS = 0.12500 | Loss_CLD = 0.34021 | Collapse Level Low Dim: 0.01902 | Collapse Level High Dim: 0.00770
[Steps    16700] Loss = 0.78238 | Loss_SS = 0.11835 | Loss_CLD = 0.33202 | Collapse Level Low Dim: 0.01844 | Collapse Level High Dim: 0.00701
[Steps    16800] Loss = 0.78819 | Loss_SS = 0.12111 | Loss_CLD = 0.33354 | Collapse Level Low Dim: 0.01787 | Collapse Level High Dim: 0.00701
[Steps    16900] Loss = 0.78643 | Loss_SS = 0.12403 | Loss_CLD = 0.33120 | Collapse Level Low Dim: 0.02071 | Collapse Level High Dim: 0.00977
[Steps    17000] Loss = 0.77120 | Loss_SS = 0.11014 | Loss_CLD = 0.33053 | Collapse Level Low Dim: 0.01866 | Collapse Level High Dim: 0.00701
[Steps    17100] Loss = 0.80380 | Loss_SS = 0.12204 | Loss_CLD = 0.34088 | Collapse Level Low Dim: 0.02146 | Collapse Level High Dim: 0.01185
[Steps    17200] Loss = 0.82739 | Loss_SS = 0.12420 | Loss_CLD = 0.35159 | Collapse Level Low Dim: 0.01910 | Collapse Level High Dim: 0.00770
[Steps    17300] Loss = 0.76238 | Loss_SS = 0.11409 | Loss_CLD = 0.32414 | Collapse Level Low Dim: 0.01919 | Collapse Level High Dim: 0.00908
[Steps    17400] Loss = 0.78114 | Loss_SS = 0.11494 | Loss_CLD = 0.33310 | Collapse Level Low Dim: 0.01733 | Collapse Level High Dim: 0.00632
[Steps    17500] Loss = 0.76245 | Loss_SS = 0.11333 | Loss_CLD = 0.32456 | Collapse Level Low Dim: 0.01808 | Collapse Level High Dim: 0.00701
[Steps    17600] Loss = 0.83356 | Loss_SS = 0.12196 | Loss_CLD = 0.35580 | Collapse Level Low Dim: 0.01743 | Collapse Level High Dim: 0.00701
[Steps    17700] Loss = 0.80302 | Loss_SS = 0.11521 | Loss_CLD = 0.34390 | Collapse Level Low Dim: 0.01871 | Collapse Level High Dim: 0.00839
[Steps    17800] Loss = 0.82612 | Loss_SS = 0.13018 | Loss_CLD = 0.34797 | Collapse Level Low Dim: 0.01906 | Collapse Level High Dim: 0.00839
[Steps    17900] Loss = 0.79603 | Loss_SS = 0.12961 | Loss_CLD = 0.33321 | Collapse Level Low Dim: 0.01832 | Collapse Level High Dim: 0.00770
[Steps    18000] Loss = 0.77238 | Loss_SS = 0.11584 | Loss_CLD = 0.32827 | Collapse Level Low Dim: 0.02014 | Collapse Level High Dim: 0.01046
[Steps    18100] Loss = 0.84236 | Loss_SS = 0.12952 | Loss_CLD = 0.35642 | Collapse Level Low Dim: 0.02188 | Collapse Level High Dim: 0.01185
[Steps    18200] Loss = 0.74974 | Loss_SS = 0.10826 | Loss_CLD = 0.32074 | Collapse Level Low Dim: 0.01806 | Collapse Level High Dim: 0.00701
[Steps    18300] Loss = 0.77363 | Loss_SS = 0.11400 | Loss_CLD = 0.32982 | Collapse Level Low Dim: 0.01877 | Collapse Level High Dim: 0.00839
[Steps    18400] Loss = 0.75751 | Loss_SS = 0.11139 | Loss_CLD = 0.32306 | Collapse Level Low Dim: 0.02142 | Collapse Level High Dim: 0.01323
[Steps    18500] Loss = 0.75791 | Loss_SS = 0.11500 | Loss_CLD = 0.32146 | Collapse Level Low Dim: 0.01770 | Collapse Level High Dim: 0.00701
[Steps    18600] Loss = 0.75049 | Loss_SS = 0.11872 | Loss_CLD = 0.31589 | Collapse Level Low Dim: 0.01934 | Collapse Level High Dim: 0.01046
[Steps    18700] Loss = 0.70418 | Loss_SS = 0.10910 | Loss_CLD = 0.29754 | Collapse Level Low Dim: 0.01988 | Collapse Level High Dim: 0.01046
[Steps    18800] Loss = 0.75766 | Loss_SS = 0.11433 | Loss_CLD = 0.32167 | Collapse Level Low Dim: 0.01852 | Collapse Level High Dim: 0.00770
[Steps    18900] Loss = 0.78571 | Loss_SS = 0.11303 | Loss_CLD = 0.33634 | Collapse Level Low Dim: 0.01630 | Collapse Level High Dim: 0.00563
[Steps    19000] Loss = 0.79207 | Loss_SS = 0.11825 | Loss_CLD = 0.33691 | Collapse Level Low Dim: 0.01762 | Collapse Level High Dim: 0.00632
[Steps    19100] Loss = 0.75841 | Loss_SS = 0.11352 | Loss_CLD = 0.32244 | Collapse Level Low Dim: 0.02066 | Collapse Level High Dim: 0.01046
[Steps    19200] Loss = 0.73930 | Loss_SS = 0.10807 | Loss_CLD = 0.31562 | Collapse Level Low Dim: 0.01764 | Collapse Level High Dim: 0.00563
[Steps    19300] Loss = 0.82672 | Loss_SS = 0.11784 | Loss_CLD = 0.35444 | Collapse Level Low Dim: 0.01906 | Collapse Level High Dim: 0.00839
[Steps    19400] Loss = 0.80491 | Loss_SS = 0.12439 | Loss_CLD = 0.34026 | Collapse Level Low Dim: 0.01804 | Collapse Level High Dim: 0.00770
[Steps    19500] Loss = 0.77438 | Loss_SS = 0.11543 | Loss_CLD = 0.32947 | Collapse Level Low Dim: 0.01891 | Collapse Level High Dim: 0.00977
[Steps    19600] Loss = 0.78286 | Loss_SS = 0.11828 | Loss_CLD = 0.33229 | Collapse Level Low Dim: 0.01752 | Collapse Level High Dim: 0.00701
[Steps    19700] Loss = 0.75626 | Loss_SS = 0.10794 | Loss_CLD = 0.32416 | Collapse Level Low Dim: 0.02068 | Collapse Level High Dim: 0.01254
[Steps    19800] Loss = 0.74605 | Loss_SS = 0.11337 | Loss_CLD = 0.31634 | Collapse Level Low Dim: 0.01979 | Collapse Level High Dim: 0.01185
[Steps    19900] Loss = 0.74456 | Loss_SS = 0.10654 | Loss_CLD = 0.31901 | Collapse Level Low Dim: 0.01817 | Collapse Level High Dim: 0.00839
[Steps    20000] Loss = 0.72565 | Loss_SS = 0.10422 | Loss_CLD = 0.31072 | Collapse Level Low Dim: 0.01938 | Collapse Level High Dim: 0.00839
